Using pre-set license
Built from '2020.2/release' branch; Version is '2020.2.2f1 (068178b99f32) revision 426360'; Using compiler version '192528614'; Build Type 'Release'
OS: 'Windows 10 Home; OS build 19041.1052; Version 2004; 64bit' Language: 'en' Physical Memory: 16184 MB
BatchMode: 1, IsHumanControllingUs: 0, StartBugReporterOnCrash: 0, Is64bit: 1, IsPro: 0

 COMMAND LINE ARGUMENTS:
E:\Unity\2020.2.2f1\Editor\Unity.exe
-adb2
-batchMode
-noUpm
-name
AssetImportWorker1
-projectPath
G:/Unity/Projects/Alchemist
-logFile
Logs/AssetImportWorker1.log
-srvPort
52403
Successfully changed project path to: G:/Unity/Projects/Alchemist
G:/Unity/Projects/Alchemist
Using Asset Import Pipeline V2.
Refreshing native plugins compatible for Editor in 32.48 ms, found 1 plugins.
Preloading 0 native plugins for Editor in 0.00 ms.
Initialize engine version: 2020.2.2f1 (068178b99f32)
[Subsystems] Discovering subsystems at path E:/Unity/2020.2.2f1/Editor/Data/Resources/UnitySubsystems
[Subsystems] Discovering subsystems at path G:/Unity/Projects/Alchemist/Assets
GfxDevice: creating device client; threaded=0
Direct3D:
    Version:  Direct3D 11.0 [level 11.1]
    Renderer: NVIDIA GeForce RTX 3080 (ID=0x2206)
    Vendor:   
    VRAM:     10078 MB
    Driver:   27.21.14.6137
Initialize mono
Mono path[0] = 'E:/Unity/2020.2.2f1/Editor/Data/Managed'
Mono path[1] = 'E:/Unity/2020.2.2f1/Editor/Data/MonoBleedingEdge/lib/mono/unityjit'
Mono config path = 'E:/Unity/2020.2.2f1/Editor/Data/MonoBleedingEdge/etc'
Using monoOptions --debugger-agent=transport=dt_socket,embedding=1,server=y,suspend=n,address=127.0.0.1:56456
Begin MonoManager ReloadAssembly
Registering precompiled unity dll's ...
Register platform support module: E:/Unity/2020.2.2f1/Editor/Data/PlaybackEngines/WebGLSupport/UnityEditor.WebGL.Extensions.dll
Register platform support module: E:/Unity/2020.2.2f1/Editor/Data/PlaybackEngines/WindowsStandaloneSupport/UnityEditor.WindowsStandalone.Extensions.dll
Register platform support module: E:/Unity/2020.2.2f1/Editor/Data/PlaybackEngines/LinuxStandaloneSupport/UnityEditor.LinuxStandalone.Extensions.dll
Registered in 0.001020 seconds.
Native extension for LinuxStandalone target not found
Native extension for WindowsStandalone target not found
Native extension for WebGL target not found
Refreshing native plugins compatible for Editor in 33.34 ms, found 1 plugins.
Preloading 0 native plugins for Editor in 0.00 ms.
Invoked RoslynAnalysisRunner static constructor.
RoslynAnalysisRunner will not be running.
RoslynAnalysisRunner has terminated.
Mono: successfully reloaded assembly
- Completed reload, in  1.283 seconds
Platform modules already initialized, skipping
Registering precompiled user dll's ...
Registered in 0.000627 seconds.
Begin MonoManager ReloadAssembly
Native extension for LinuxStandalone target not found
Native extension for WindowsStandalone target not found
Native extension for WebGL target not found
Refreshing native plugins compatible for Editor in 35.03 ms, found 1 plugins.
Preloading 0 native plugins for Editor in 0.00 ms.
Invoked RoslynAnalysisRunner static constructor.
RoslynAnalysisRunner will not be running.
RoslynAnalysisRunner has terminated.
Mono: successfully reloaded assembly
- Completed reload, in  0.726 seconds
Platform modules already initialized, skipping
========================================================================
Worker process is ready to serve import requests
Launched and connected shader compiler UnityShaderCompiler.exe after 0.03 seconds
Refreshing native plugins compatible for Editor in 0.64 ms, found 1 plugins.
Preloading 0 native plugins for Editor in 0.00 ms.
Unloading 2092 Unused Serialized files (Serialized files now loaded: 0)
System memory in use before: 95.1 MB.
System memory in use after: 95.1 MB.

Unloading 26 unused Assets to reduce memory usage. Loaded Objects now: 2537.
Total: 1.744700 ms (FindLiveObjects: 0.203900 ms CreateObjectMapping: 0.090000 ms MarkObjects: 1.357100 ms  DeleteObjects: 0.092800 ms)

========================================================================
Received Import Request.
  path: Assets/Scripts/HUDController.cs
  artifactKey: Guid(493dda464c0359f44b818bb0b3f77cdf) Importer(815301076,1909f56bfc062723c751e8b465ee728b)
Start importing Assets/Scripts/HUDController.cs using Guid(493dda464c0359f44b818bb0b3f77cdf) Importer(815301076,1909f56bfc062723c751e8b465ee728b)  -> (artifact id: '5aae3d0521d047ef9243a5dcb7df9b68') in 0.021920 seconds
  Import took 0.024542 seconds .

========================================================================
Received Import Request.
  Time since last request: 31.883265 seconds.
  path: Assets/Scripts/HUDController.cs
  artifactKey: Guid(493dda464c0359f44b818bb0b3f77cdf) Importer(815301076,1909f56bfc062723c751e8b465ee728b)
Start importing Assets/Scripts/HUDController.cs using Guid(493dda464c0359f44b818bb0b3f77cdf) Importer(815301076,1909f56bfc062723c751e8b465ee728b)  -> (artifact id: '61b75d8f0206b62924bbdcc0c751fae7') in 0.002410 seconds
  Import took 0.005338 seconds .

========================================================================
Received Import Request.
  Time since last request: 15.684124 seconds.
  path: Assets/Scripts/HUDController.cs
  artifactKey: Guid(493dda464c0359f44b818bb0b3f77cdf) Importer(815301076,1909f56bfc062723c751e8b465ee728b)
Start importing Assets/Scripts/HUDController.cs using Guid(493dda464c0359f44b818bb0b3f77cdf) Importer(815301076,1909f56bfc062723c751e8b465ee728b)  -> (artifact id: '03170f60ed2ea9baffd92454b5ce6b61') in 0.002230 seconds
  Import took 0.004959 seconds .

========================================================================
Received Import Request.
  Time since last request: 0.001424 seconds.
  path: Assets/Scripts/HUDController.cs
  artifactKey: Guid(493dda464c0359f44b818bb0b3f77cdf) Importer(815301076,1909f56bfc062723c751e8b465ee728b)
Start importing Assets/Scripts/HUDController.cs using Guid(493dda464c0359f44b818bb0b3f77cdf) Importer(815301076,1909f56bfc062723c751e8b465ee728b)  -> (artifact id: '03170f60ed2ea9baffd92454b5ce6b61') in 0.002043 seconds
  Import took 0.004475 seconds .

========================================================================
Received Import Request.
  Time since last request: 3.429776 seconds.
  path: Assets/Scripts/HUDController.cs
  artifactKey: Guid(493dda464c0359f44b818bb0b3f77cdf) Importer(815301076,1909f56bfc062723c751e8b465ee728b)
Start importing Assets/Scripts/HUDController.cs using Guid(493dda464c0359f44b818bb0b3f77cdf) Importer(815301076,1909f56bfc062723c751e8b465ee728b)  -> (artifact id: '26262efcee77c3c632623e14c0065640') in 0.002133 seconds
  Import took 0.004840 seconds .

========================================================================
Received Import Request.
  Time since last request: 4.211523 seconds.
  path: Assets/Scripts/HUDController.cs
  artifactKey: Guid(493dda464c0359f44b818bb0b3f77cdf) Importer(815301076,1909f56bfc062723c751e8b465ee728b)
Start importing Assets/Scripts/HUDController.cs using Guid(493dda464c0359f44b818bb0b3f77cdf) Importer(815301076,1909f56bfc062723c751e8b465ee728b)  -> (artifact id: '98a6a6b5a2e322fa94b34d5c19e6a8eb') in 0.002297 seconds
  Import took 0.005086 seconds .

========================================================================
Received Import Request.
  Time since last request: 0.001149 seconds.
  path: Assets/Scripts/HUDController.cs
  artifactKey: Guid(493dda464c0359f44b818bb0b3f77cdf) Importer(815301076,1909f56bfc062723c751e8b465ee728b)
Start importing Assets/Scripts/HUDController.cs using Guid(493dda464c0359f44b818bb0b3f77cdf) Importer(815301076,1909f56bfc062723c751e8b465ee728b)  -> (artifact id: '98a6a6b5a2e322fa94b34d5c19e6a8eb') in 0.001829 seconds
  Import took 0.004321 seconds .

========================================================================
Received Import Request.
  Time since last request: 48.725696 seconds.
  path: Assets/Scripts/HUDController.cs
  artifactKey: Guid(493dda464c0359f44b818bb0b3f77cdf) Importer(815301076,1909f56bfc062723c751e8b465ee728b)
Start importing Assets/Scripts/HUDController.cs using Guid(493dda464c0359f44b818bb0b3f77cdf) Importer(815301076,1909f56bfc062723c751e8b465ee728b)  -> (artifact id: 'f35abf3f02c8f9e06de1e2a25d1fc4a1') in 0.002308 seconds
  Import took 0.005980 seconds .

========================================================================
Received Import Request.
  Time since last request: 0.001702 seconds.
  path: Assets/Scripts/HUDController.cs
  artifactKey: Guid(493dda464c0359f44b818bb0b3f77cdf) Importer(815301076,1909f56bfc062723c751e8b465ee728b)
Start importing Assets/Scripts/HUDController.cs using Guid(493dda464c0359f44b818bb0b3f77cdf) Importer(815301076,1909f56bfc062723c751e8b465ee728b)  -> (artifact id: 'f35abf3f02c8f9e06de1e2a25d1fc4a1') in 0.002331 seconds
  Import took 0.005726 seconds .

========================================================================
Received Import Request.
  Time since last request: 11.013715 seconds.
  path: Assets/Scripts/HUDController.cs
  artifactKey: Guid(493dda464c0359f44b818bb0b3f77cdf) Importer(815301076,1909f56bfc062723c751e8b465ee728b)
Start importing Assets/Scripts/HUDController.cs using Guid(493dda464c0359f44b818bb0b3f77cdf) Importer(815301076,1909f56bfc062723c751e8b465ee728b)  -> (artifact id: '51525b6f1209d62586fac29d5650dcf1') in 0.002177 seconds
  Import took 0.004882 seconds .

========================================================================
Received Import Request.
  Time since last request: 14.480867 seconds.
  path: Assets/Scripts/HUDController.cs
  artifactKey: Guid(493dda464c0359f44b818bb0b3f77cdf) Importer(815301076,1909f56bfc062723c751e8b465ee728b)
Start importing Assets/Scripts/HUDController.cs using Guid(493dda464c0359f44b818bb0b3f77cdf) Importer(815301076,1909f56bfc062723c751e8b465ee728b)  -> (artifact id: '5e664deb5634bac0e654526b158f1396') in 0.002185 seconds
  Import took 0.005118 seconds .

========================================================================
Received Import Request.
  Time since last request: 9.902997 seconds.
  path: Assets/Scripts/HUDController.cs
  artifactKey: Guid(493dda464c0359f44b818bb0b3f77cdf) Importer(815301076,1909f56bfc062723c751e8b465ee728b)
Start importing Assets/Scripts/HUDController.cs using Guid(493dda464c0359f44b818bb0b3f77cdf) Importer(815301076,1909f56bfc062723c751e8b465ee728b)  -> (artifact id: '5ab5468bf8ab905085478b3c40a7ddde') in 0.002216 seconds
  Import took 0.005000 seconds .

========================================================================
Received Import Request.
  Time since last request: 11.682942 seconds.
  path: Assets/Scripts/HUDController.cs
  artifactKey: Guid(493dda464c0359f44b818bb0b3f77cdf) Importer(815301076,1909f56bfc062723c751e8b465ee728b)
Start importing Assets/Scripts/HUDController.cs using Guid(493dda464c0359f44b818bb0b3f77cdf) Importer(815301076,1909f56bfc062723c751e8b465ee728b)  -> (artifact id: '1886c34fa0e895de59d4d08305a919fe') in 0.001957 seconds
  Import took 0.004561 seconds .

========================================================================
Received Import Request.
  Time since last request: 5.314822 seconds.
  path: Assets/Scripts/HUDController.cs
  artifactKey: Guid(493dda464c0359f44b818bb0b3f77cdf) Importer(815301076,1909f56bfc062723c751e8b465ee728b)
Start importing Assets/Scripts/HUDController.cs using Guid(493dda464c0359f44b818bb0b3f77cdf) Importer(815301076,1909f56bfc062723c751e8b465ee728b)  -> (artifact id: '01670f4d932b26d85f321cd3a680670a') in 0.002465 seconds
  Import took 0.005344 seconds .

========================================================================
Received Import Request.
  Time since last request: 11.087766 seconds.
  path: Assets/Scripts/HUDController.cs
  artifactKey: Guid(493dda464c0359f44b818bb0b3f77cdf) Importer(815301076,1909f56bfc062723c751e8b465ee728b)
Start importing Assets/Scripts/HUDController.cs using Guid(493dda464c0359f44b818bb0b3f77cdf) Importer(815301076,1909f56bfc062723c751e8b465ee728b)  -> (artifact id: '98ca2231fb55ee823dadd9fa6bcaac83') in 0.002463 seconds
  Import took 0.005150 seconds .

========================================================================
Received Prepare
Registering precompiled user dll's ...
Registered in 0.000715 seconds.
Begin MonoManager ReloadAssembly
Native extension for LinuxStandalone target not found
Native extension for WindowsStandalone target not found
Native extension for WebGL target not found
Refreshing native plugins compatible for Editor in 0.36 ms, found 1 plugins.
Preloading 0 native plugins for Editor in 0.00 ms.
Invoked RoslynAnalysisRunner static constructor.
RoslynAnalysisRunner will not be running.
RoslynAnalysisRunner has terminated.
Mono: successfully reloaded assembly
- Completed reload, in  0.649 seconds
Platform modules already initialized, skipping
Refreshing native plugins compatible for Editor in 0.31 ms, found 1 plugins.
Preloading 0 native plugins for Editor in 0.00 ms.
Unloading 2087 Unused Serialized files (Serialized files now loaded: 0)
System memory in use before: 95.3 MB.
System memory in use after: 95.4 MB.

Unloading 12 unused Assets to reduce memory usage. Loaded Objects now: 2540.
Total: 1.797000 ms (FindLiveObjects: 0.183600 ms CreateObjectMapping: 0.070000 ms MarkObjects: 1.469600 ms  DeleteObjects: 0.073100 ms)

========================================================================
Received Prepare
Registering precompiled user dll's ...
Registered in 0.000704 seconds.
Begin MonoManager ReloadAssembly
Native extension for LinuxStandalone target not found
Native extension for WindowsStandalone target not found
Native extension for WebGL target not found
Refreshing native plugins compatible for Editor in 0.37 ms, found 1 plugins.
Preloading 0 native plugins for Editor in 0.00 ms.
Invoked RoslynAnalysisRunner static constructor.
RoslynAnalysisRunner will not be running.
RoslynAnalysisRunner has terminated.
Mono: successfully reloaded assembly
- Completed reload, in  0.636 seconds
Platform modules already initialized, skipping
Refreshing native plugins compatible for Editor in 0.29 ms, found 1 plugins.
Preloading 0 native plugins for Editor in 0.00 ms.
Unloading 2087 Unused Serialized files (Serialized files now loaded: 0)
System memory in use before: 95.5 MB.
System memory in use after: 95.5 MB.

Unloading 12 unused Assets to reduce memory usage. Loaded Objects now: 2543.
Total: 1.870000 ms (FindLiveObjects: 0.159200 ms CreateObjectMapping: 0.066900 ms MarkObjects: 1.567700 ms  DeleteObjects: 0.075600 ms)

AssetImportWorkerClient::OnTransportError - code=2 error=End of file
