Using pre-set license
Built from '2020.2/release' branch; Version is '2020.2.2f1 (068178b99f32) revision 426360'; Using compiler version '192528614'; Build Type 'Release'
OS: 'Windows 10 Pro; OS build 19042.985; Version 2009; 64bit' Language: 'en' Physical Memory: 16314 MB
BatchMode: 1, IsHumanControllingUs: 0, StartBugReporterOnCrash: 0, Is64bit: 1, IsPro: 0

 COMMAND LINE ARGUMENTS:
C:\Program Files\Unity\Hub\Editor\2020.2.2f1\Editor\Unity.exe
-adb2
-batchMode
-noUpm
-name
AssetImportWorker0
-projectPath
E:/George Brown/Term 6/Alchemist
-logFile
Logs/AssetImportWorker0.log
-srvPort
56106
Successfully changed project path to: E:/George Brown/Term 6/Alchemist
E:/George Brown/Term 6/Alchemist
Using Asset Import Pipeline V2.
Refreshing native plugins compatible for Editor in 70.80 ms, found 1 plugins.
Preloading 0 native plugins for Editor in 0.00 ms.
Initialize engine version: 2020.2.2f1 (068178b99f32)
[Subsystems] Discovering subsystems at path C:/Program Files/Unity/Hub/Editor/2020.2.2f1/Editor/Data/Resources/UnitySubsystems
[Subsystems] Discovering subsystems at path E:/George Brown/Term 6/Alchemist/Assets
GfxDevice: creating device client; threaded=0
Direct3D:
    Version:  Direct3D 11.0 [level 11.1]
    Renderer: NVIDIA GeForce GTX 1660 (ID=0x2184)
    Vendor:   
    VRAM:     5991 MB
    Driver:   27.21.14.6627
Initialize mono
Mono path[0] = 'C:/Program Files/Unity/Hub/Editor/2020.2.2f1/Editor/Data/Managed'
Mono path[1] = 'C:/Program Files/Unity/Hub/Editor/2020.2.2f1/Editor/Data/MonoBleedingEdge/lib/mono/unityjit'
Mono config path = 'C:/Program Files/Unity/Hub/Editor/2020.2.2f1/Editor/Data/MonoBleedingEdge/etc'
Using monoOptions --debugger-agent=transport=dt_socket,embedding=1,server=y,suspend=n,address=127.0.0.1:56400
Begin MonoManager ReloadAssembly
Registering precompiled unity dll's ...
Register platform support module: C:/Program Files/Unity/Hub/Editor/2020.2.2f1/Editor/Data/PlaybackEngines/WebGLSupport/UnityEditor.WebGL.Extensions.dll
Register platform support module: C:/Program Files/Unity/Hub/Editor/2020.2.2f1/Editor/Data/PlaybackEngines/MacStandaloneSupport/UnityEditor.OSXStandalone.Extensions.dll
Register platform support module: C:/Program Files/Unity/Hub/Editor/2020.2.2f1/Editor/Data/PlaybackEngines/WindowsStandaloneSupport/UnityEditor.WindowsStandalone.Extensions.dll
Register platform support module: C:/Program Files/Unity/Hub/Editor/2020.2.2f1/Editor/Data/PlaybackEngines/LinuxStandaloneSupport/UnityEditor.LinuxStandalone.Extensions.dll
Registered in 0.004180 seconds.
Native extension for LinuxStandalone target not found
Native extension for WindowsStandalone target not found
Native extension for OSXStandalone target not found
Native extension for WebGL target not found
Refreshing native plugins compatible for Editor in 51.68 ms, found 1 plugins.
Preloading 0 native plugins for Editor in 0.00 ms.
Invoked RoslynAnalysisRunner static constructor.
RoslynAnalysisRunner will not be running.
RoslynAnalysisRunner has terminated.
Mono: successfully reloaded assembly
- Completed reload, in  3.314 seconds
Platform modules already initialized, skipping
Registering precompiled user dll's ...
Registered in 0.001464 seconds.
Begin MonoManager ReloadAssembly
Native extension for LinuxStandalone target not found
Native extension for WindowsStandalone target not found
Native extension for OSXStandalone target not found
Native extension for WebGL target not found
Refreshing native plugins compatible for Editor in 58.66 ms, found 1 plugins.
Preloading 0 native plugins for Editor in 0.00 ms.
Invoked RoslynAnalysisRunner static constructor.
RoslynAnalysisRunner will not be running.
RoslynAnalysisRunner has terminated.
Mono: successfully reloaded assembly
- Completed reload, in  1.211 seconds
Platform modules already initialized, skipping
========================================================================
Worker process is ready to serve import requests
Launched and connected shader compiler UnityShaderCompiler.exe after 0.10 seconds
Refreshing native plugins compatible for Editor in 0.52 ms, found 1 plugins.
Preloading 0 native plugins for Editor in 0.00 ms.
Unloading 2106 Unused Serialized files (Serialized files now loaded: 0)
System memory in use before: 95.4 MB.
System memory in use after: 95.5 MB.

Unloading 21 unused Assets to reduce memory usage. Loaded Objects now: 2556.
Total: 2.612500 ms (FindLiveObjects: 0.229400 ms CreateObjectMapping: 0.050500 ms MarkObjects: 2.251100 ms  DeleteObjects: 0.080400 ms)

========================================================================
Received Import Request.
  path: Assets/Prefabs/PhaseBlasterBullet.prefab
  artifactKey: Guid(22cff201f69a2c54a811cf9428b5b53e) Importer(815301076,1909f56bfc062723c751e8b465ee728b)
Start importing Assets/Prefabs/PhaseBlasterBullet.prefab using Guid(22cff201f69a2c54a811cf9428b5b53e) Importer(815301076,1909f56bfc062723c751e8b465ee728b)  -> (artifact id: '5d2003e85936094fae3a10f97e9191c1') in 0.125551 seconds
  Import took 0.129664 seconds .

========================================================================
Received Import Request.
  Time since last request: 2.371549 seconds.
  path: Assets/Prefabs/JetBlasterBullet.prefab
  artifactKey: Guid(56d01906bcca59b47948eccd6ffba9a2) Importer(815301076,1909f56bfc062723c751e8b465ee728b)
Start importing Assets/Prefabs/JetBlasterBullet.prefab using Guid(56d01906bcca59b47948eccd6ffba9a2) Importer(815301076,1909f56bfc062723c751e8b465ee728b)  -> (artifact id: '492f664a789e838563bc4ca5e0e28ae3') in 0.029213 seconds
  Import took 0.067322 seconds .

========================================================================
Received Prepare
Refreshing native plugins compatible for Editor in 1.78 ms, found 1 plugins.
Preloading 0 native plugins for Editor in 0.00 ms.
Unloading 5 Unused Serialized files (Serialized files now loaded: 0)
System memory in use before: 57.1 MB.
System memory in use after: 57.3 MB.

Unloading 5 unused Assets to reduce memory usage. Loaded Objects now: 2563.
Total: 3.470000 ms (FindLiveObjects: 0.308200 ms CreateObjectMapping: 0.072000 ms MarkObjects: 3.064200 ms  DeleteObjects: 0.023300 ms)

========================================================================
Received Prepare
Registering precompiled user dll's ...
Registered in 0.002074 seconds.
Begin MonoManager ReloadAssembly
Native extension for LinuxStandalone target not found
Native extension for WindowsStandalone target not found
Native extension for OSXStandalone target not found
Native extension for WebGL target not found
Refreshing native plugins compatible for Editor in 0.53 ms, found 1 plugins.
Preloading 0 native plugins for Editor in 0.00 ms.
Invoked RoslynAnalysisRunner static constructor.
RoslynAnalysisRunner will not be running.
RoslynAnalysisRunner has terminated.
Mono: successfully reloaded assembly
- Completed reload, in  1.073 seconds
Platform modules already initialized, skipping
Refreshing native plugins compatible for Editor in 0.48 ms, found 1 plugins.
Preloading 0 native plugins for Editor in 0.00 ms.
Unloading 2096 Unused Serialized files (Serialized files now loaded: 0)
System memory in use before: 98.3 MB.
System memory in use after: 98.4 MB.

Unloading 7 unused Assets to reduce memory usage. Loaded Objects now: 2566.
Total: 2.550600 ms (FindLiveObjects: 0.263500 ms CreateObjectMapping: 0.050200 ms MarkObjects: 2.214900 ms  DeleteObjects: 0.020300 ms)

========================================================================
Received Import Request.
  Time since last request: 67.577595 seconds.
  path: Assets/Prefabs/BlasterBullet.prefab
  artifactKey: Guid(b33914f1c58d2c540998a859b6d4ef8a) Importer(815301076,1909f56bfc062723c751e8b465ee728b)
Start importing Assets/Prefabs/BlasterBullet.prefab using Guid(b33914f1c58d2c540998a859b6d4ef8a) Importer(815301076,1909f56bfc062723c751e8b465ee728b)  -> (artifact id: '7d674e6ca0f5f6d2085848c5602b8dff') in 0.076948 seconds
  Import took 0.080876 seconds .

========================================================================
Received Prepare
Registering precompiled user dll's ...
Registered in 0.001551 seconds.
Begin MonoManager ReloadAssembly
Native extension for LinuxStandalone target not found
Native extension for WindowsStandalone target not found
Native extension for OSXStandalone target not found
Native extension for WebGL target not found
Refreshing native plugins compatible for Editor in 0.46 ms, found 1 plugins.
Preloading 0 native plugins for Editor in 0.00 ms.
Invoked RoslynAnalysisRunner static constructor.
RoslynAnalysisRunner will not be running.
RoslynAnalysisRunner has terminated.
Mono: successfully reloaded assembly
- Completed reload, in  1.024 seconds
Platform modules already initialized, skipping
Refreshing native plugins compatible for Editor in 0.47 ms, found 1 plugins.
Preloading 0 native plugins for Editor in 0.00 ms.
Unloading 2096 Unused Serialized files (Serialized files now loaded: 0)
System memory in use before: 98.4 MB.
System memory in use after: 98.5 MB.

Unloading 7 unused Assets to reduce memory usage. Loaded Objects now: 2570.
Total: 2.438800 ms (FindLiveObjects: 0.267300 ms CreateObjectMapping: 0.055800 ms MarkObjects: 2.094300 ms  DeleteObjects: 0.020100 ms)

========================================================================
Received Import Request.
  Time since last request: 5.860430 seconds.
  path: Assets/Prefabs/PhaseBlasterBullet.prefab
  artifactKey: Guid(22cff201f69a2c54a811cf9428b5b53e) Importer(815301076,1909f56bfc062723c751e8b465ee728b)
Start importing Assets/Prefabs/PhaseBlasterBullet.prefab using Guid(22cff201f69a2c54a811cf9428b5b53e) Importer(815301076,1909f56bfc062723c751e8b465ee728b)  -> (artifact id: 'bfeb36b4cc1204cc82530693173134af') in 0.063360 seconds
  Import took 0.067334 seconds .

========================================================================
Received Import Request.
  Time since last request: 4.364608 seconds.
  path: Assets/Prefabs/PhaseBlasterBullet.prefab
  artifactKey: Guid(22cff201f69a2c54a811cf9428b5b53e) Importer(815301076,1909f56bfc062723c751e8b465ee728b)
Start importing Assets/Prefabs/PhaseBlasterBullet.prefab using Guid(22cff201f69a2c54a811cf9428b5b53e) Importer(815301076,1909f56bfc062723c751e8b465ee728b)  -> (artifact id: 'e57aefe6db94670076272b95b5b50154') in 0.024488 seconds
  Import took 0.057642 seconds .

